C:\USERS\MARWA\DESKTOP\TEXTURES\PRIMITIVES_COLORING\PRIMITIVES_COLORING\DEBUG\MAIN.OBJ
C:\USERS\MARWA\DESKTOP\TEXTURES\PRIMITIVES_COLORING\PRIMITIVES_COLORING\DEBUG\RENDERER.OBJ
C:\USERS\MARWA\DESKTOP\TEXTURES\PRIMITIVES_COLORING\PRIMITIVES_COLORING\DEBUG\SHADER.OBJ
C:\USERS\MARWA\DESKTOP\TEXTURES\PRIMITIVES_COLORING\PRIMITIVES_COLORING\DEBUG\TEXTURE.OBJ
C:\USERS\MARWA\DESKTOP\TEXTURES\PRIMITIVES_COLORING\PRIMITIVES_COLORING\DEBUG\VC110.PDB
C:\USERS\MARWA\DESKTOP\TEXTURES\PRIMITIVES_COLORING\PRIMITIVES_COLORING\DEBUG\STB_IMAGE.OBJ
C:\USERS\MARWA\DESKTOP\TEXTURES\PRIMITIVES_COLORING\DEBUG\PRIMITIVES_COLORING.ILK
C:\USERS\MARWA\DESKTOP\TEXTURES\PRIMITIVES_COLORING\DEBUG\PRIMITIVES_COLORING.EXE
C:\USERS\MARWA\DESKTOP\TEXTURES\PRIMITIVES_COLORING\DEBUG\PRIMITIVES_COLORING.PDB
C:\Users\Marwa\Desktop\textures\Primitives_Coloring\Primitives_Coloring\Debug\main.obj
C:\Users\Marwa\Desktop\textures\Primitives_Coloring\Primitives_Coloring\Debug\Renderer.obj
C:\Users\Marwa\Desktop\textures\Primitives_Coloring\Primitives_Coloring\Debug\shader.obj
C:\Users\Marwa\Desktop\textures\Primitives_Coloring\Primitives_Coloring\Debug\stb_image.obj
C:\Users\Marwa\Desktop\textures\Primitives_Coloring\Primitives_Coloring\Debug\texture.obj
C:\Users\Marwa\Desktop\textures\Primitives_Coloring\Primitives_Coloring\Debug\cl.command.1.tlog
C:\Users\Marwa\Desktop\textures\Primitives_Coloring\Primitives_Coloring\Debug\CL.read.1.tlog
C:\Users\Marwa\Desktop\textures\Primitives_Coloring\Primitives_Coloring\Debug\CL.write.1.tlog
C:\Users\Marwa\Desktop\textures\Primitives_Coloring\Primitives_Coloring\Debug\link-cvtres.read.1.tlog
C:\Users\Marwa\Desktop\textures\Primitives_Coloring\Primitives_Coloring\Debug\link-cvtres.write.1.tlog
C:\Users\Marwa\Desktop\textures\Primitives_Coloring\Primitives_Coloring\Debug\link-rc.read.1.tlog
C:\Users\Marwa\Desktop\textures\Primitives_Coloring\Primitives_Coloring\Debug\link-rc.write.1.tlog
C:\Users\Marwa\Desktop\textures\Primitives_Coloring\Primitives_Coloring\Debug\link.command.1.tlog
C:\Users\Marwa\Desktop\textures\Primitives_Coloring\Primitives_Coloring\Debug\link.read.1.tlog
C:\Users\Marwa\Desktop\textures\Primitives_Coloring\Primitives_Coloring\Debug\link.write.1.tlog
C:\Users\Marwa\Desktop\textures\Primitives_Coloring\Primitives_Coloring\Debug\vc110.idb
C:\Users\Marwa\Desktop\textures\Primitives_Coloring\Primitives_Coloring\Debug\vc110.pdb
C:\Users\Marwa\Desktop\textures\Primitives_Coloring\Debug\Primitives_Coloring.pdb
C:\Users\Marwa\Desktop\textures\Primitives_Coloring\Debug\Primitives_Coloring.exe
C:\Users\Marwa\Desktop\textures\Primitives_Coloring\Debug\Primitives_Coloring.ilk
